0 warn deprecated --github-release has been replaced by --create-release=github
1 silly argv {
1 silly argv   _: [ 'version' ],
1 silly argv   'github-release': true,
1 silly argv   'conventional-commits': true,
1 silly argv   conventionalCommits: true,
1 silly argv   lernaVersion: '3.18.3',
1 silly argv   '$0': '/Users/tresko/Documents/Projects/react-datepicker/node_modules/.bin/lerna',
1 silly argv   bump: 'patch',
1 silly argv   createRelease: 'github'
1 silly argv }
2 notice cli v3.18.3
3 verbose rootPath /Users/tresko/Documents/Projects/react-datepicker
4 info current version 2.1.0
5 silly isAnythingCommitted
6 verbose isAnythingCommitted 1
7 silly currentBranch
8 verbose currentBranch master
9 silly remoteBranchExists
10 silly isBehindUpstream
11 silly isBehindUpstream master is behind origin/master by 0 commit(s) and ahead by 0
12 silly hasTags
13 verbose hasTags true
14 silly git-describe.sync "v2.1.0-2-ga44ea79" => {"lastTagName":"v2.1.0","lastVersion":"v2.1.0","refCount":"2","sha":"a44ea79","isDirty":false}
15 info Looking for changed packages since v2.1.0
16 silly checking diff packages/hooks
17 silly found diff in packages/hooks/lib/index.cjs.js
17 silly found diff in packages/hooks/lib/index.esm.js
17 silly found diff in packages/hooks/package.json
18 verbose filtered diff [
18 verbose filtered diff   'packages/hooks/lib/index.cjs.js',
18 verbose filtered diff   'packages/hooks/lib/index.esm.js',
18 verbose filtered diff   'packages/hooks/package.json'
18 verbose filtered diff ]
19 silly checking diff packages/styled
20 silly found diff in packages/styled/lib/index.cjs.js
20 silly found diff in packages/styled/lib/index.esm.js
20 silly found diff in packages/styled/package.json
20 silly found diff in packages/styled/src/components/DateRangeInput/DateRangeInput.test.tsx
20 silly found diff in packages/styled/src/components/DateRangeInput/DateRangeInput.tsx
20 silly found diff in packages/styled/src/components/DateRangeInput/__snapshots__/DateRangeInput.test.tsx.snap
20 silly found diff in packages/styled/src/components/Datepicker/Datepicker.tsx
20 silly found diff in packages/styled/src/components/Datepicker/__snapshots__/Datepicker.test.tsx.snap
21 verbose filtered diff [
21 verbose filtered diff   'packages/styled/lib/index.cjs.js',
21 verbose filtered diff   'packages/styled/lib/index.esm.js',
21 verbose filtered diff   'packages/styled/package.json',
21 verbose filtered diff   'packages/styled/src/components/DateRangeInput/DateRangeInput.test.tsx',
21 verbose filtered diff   'packages/styled/src/components/DateRangeInput/DateRangeInput.tsx',
21 verbose filtered diff   'packages/styled/src/components/DateRangeInput/__snapshots__/DateRangeInput.test.tsx.snap',
21 verbose filtered diff   'packages/styled/src/components/Datepicker/Datepicker.tsx',
21 verbose filtered diff   'packages/styled/src/components/Datepicker/__snapshots__/Datepicker.test.tsx.snap'
21 verbose filtered diff ]
22 verbose updated @datepicker-react/hooks
23 verbose updated @datepicker-react/styled
24 verbose git-describe undefined => "v2.1.0-2-ga44ea79"
25 silly git-describe parsed => {"lastTagName":"v2.1.0","lastVersion":"v2.1.0","refCount":"2","sha":"a44ea79","isDirty":false}
26 info execute Creating releases...
27 silly lifecycle No script for "preversion" in "react-datepicker", continuing
28 silly lifecycle No script for "preversion" in "@datepicker-react/hooks", continuing
29 silly lifecycle No script for "version" in "@datepicker-react/hooks", continuing
30 silly fixed for @datepicker-react/hooks at /Users/tresko/Documents/Projects/react-datepicker/packages/hooks
31 verbose getChangelogConfig using preset "conventional-changelog-angular"
32 silly npa {
32 silly npa   type: 'tag',
32 silly npa   registry: true,
32 silly npa   where: undefined,
32 silly npa   raw: 'conventional-changelog-angular',
32 silly npa   name: 'conventional-changelog-angular',
32 silly npa   escapedName: 'conventional-changelog-angular',
32 silly npa   scope: undefined,
32 silly npa   rawSpec: '',
32 silly npa   saveSpec: null,
32 silly npa   fetchSpec: 'latest',
32 silly npa   gitRange: undefined,
32 silly npa   gitCommittish: undefined,
32 silly npa   hosted: undefined
32 silly npa }
33 verbose getChangelogConfig Attempting to resolve preset "conventional-changelog-angular"
34 info getChangelogConfig Successfully resolved preset "conventional-changelog-angular"
35 silly fixed writing new entry: "## [2.1.1](https://github.com/tresko/react-datepicker/compare/v2.1.0...v2.1.1) (2019-11-01)\n\n**Note:** Version bump only for package @datepicker-react/hooks\n\n\n\n"
36 verbose fixed wrote /Users/tresko/Documents/Projects/react-datepicker/packages/hooks/CHANGELOG.md
37 silly lifecycle No script for "preversion" in "@datepicker-react/styled", continuing
38 silly lifecycle No script for "version" in "@datepicker-react/styled", continuing
39 silly fixed for @datepicker-react/styled at /Users/tresko/Documents/Projects/react-datepicker/packages/styled
40 silly fixed writing new entry: "## [2.1.1](https://github.com/tresko/react-datepicker/compare/v2.1.0...v2.1.1) (2019-11-01)\n\n**Note:** Version bump only for package @datepicker-react/styled\n\n\n\n"
41 verbose fixed wrote /Users/tresko/Documents/Projects/react-datepicker/packages/styled/CHANGELOG.md
42 silly root for react-datepicker at /Users/tresko/Documents/Projects/react-datepicker
43 silly root writing new entry: "## [2.1.1](https://github.com/tresko/react-datepicker/compare/v2.1.0...v2.1.1) (2019-11-01)\n\n**Note:** Version bump only for package react-datepicker\n\n\n\n"
44 verbose root wrote /Users/tresko/Documents/Projects/react-datepicker/CHANGELOG.md
45 silly lifecycle No script for "version" in "react-datepicker", continuing
46 silly gitAdd [
46 silly gitAdd   '/Users/tresko/Documents/Projects/react-datepicker/packages/hooks/package.json',
46 silly gitAdd   '/Users/tresko/Documents/Projects/react-datepicker/packages/hooks/CHANGELOG.md',
46 silly gitAdd   '/Users/tresko/Documents/Projects/react-datepicker/packages/styled/package.json',
46 silly gitAdd   '/Users/tresko/Documents/Projects/react-datepicker/packages/styled/CHANGELOG.md',
46 silly gitAdd   '/Users/tresko/Documents/Projects/react-datepicker/CHANGELOG.md',
46 silly gitAdd   '/Users/tresko/Documents/Projects/react-datepicker/lerna.json'
46 silly gitAdd ]
47 silly gitCommit v2.1.1
48 verbose git [ 'commit', '-m', 'v2.1.1' ]
49 silly gitTag v2.1.1
50 verbose git [ 'tag', 'v2.1.1', '-m', 'v2.1.1' ]
51 silly lifecycle No script for "postversion" in "@datepicker-react/hooks", continuing
52 silly lifecycle No script for "postversion" in "@datepicker-react/styled", continuing
53 silly lifecycle No script for "postversion" in "react-datepicker", continuing
54 info git Pushing tags...
55 silly gitPush origin master
56 silly parseGitRepo
57 verbose git [ 'config', '--get', 'remote.origin.url' ]
58 silly createGitHubClient
59 error Error: A GH_TOKEN environment variable is required.
59 error     at createGitHubClient (/Users/tresko/Documents/Projects/react-datepicker/node_modules/@lerna/github-client/lib/github-client.js:17:11)
59 error     at createClient (/Users/tresko/Documents/Projects/react-datepicker/node_modules/@lerna/version/lib/create-release.js:16:14)
59 error     at createRelease (/Users/tresko/Documents/Projects/react-datepicker/node_modules/@lerna/version/lib/create-release.js:25:18)
59 error     at /Users/tresko/Documents/Projects/react-datepicker/node_modules/@lerna/version/index.js:272:9
59 error     at /Users/tresko/Documents/Projects/react-datepicker/node_modules/p-waterfall/index.js:4:73
59 error     at /Users/tresko/Documents/Projects/react-datepicker/node_modules/p-reduce/index.js:16:10
